<?xml version="1.0" encoding="UTF-8"?>
<!-- Generated by org.testng.reporters.JUnitXMLReporter -->
<testsuite ignored="0" hostname="LAPTOP-P572407D" failures="1" tests="1" name="Surefire test" time="21.007" errors="0" timestamp="2026-04-14T14:29:20 WIB">
  <testcase classname="com.openway.qa.TestAddToCart" name="testAddToCart" time="20.977">
    <failure type="java.lang.AssertionError" message="Test failed due to exception">
      <![CDATA[java.lang.AssertionError: Test failed due to exception
at com.openway.qa.TestAddToCart.testAddToCart(TestAddToCart.java:80)
at java.base/java.util.ArrayList.forEach(ArrayList.java:1511)
... Removed 31 stack frames]]>
    </failure>
  </testcase> <!-- testAddToCart -->
</testsuite> <!-- Surefire test -->
