<?xml version="1.0" encoding="UTF-8"?>
<!-- Generated by org.testng.reporters.JUnitXMLReporter -->
<testsuite ignored="0" hostname="LAPTOP-P572407D" failures="1" tests="1" name="Surefire test" time="56.637" errors="0" timestamp="2026-04-14T14:01:06 WIB">
  <testcase classname="com.openway.qa.TestAddToCart" name="testAddToCart" time="56.605">
    <failure type="java.lang.AssertionError" message="Product was not added to cart! expected [true] but found [false]">
      <![CDATA[java.lang.AssertionError: Product was not added to cart! expected [true] but found [false]
at com.openway.qa.TestAddToCart.testAddToCart(TestAddToCart.java:57)
at java.base/java.util.ArrayList.forEach(ArrayList.java:1511)
... Removed 33 stack frames]]>
    </failure>
  </testcase> <!-- testAddToCart -->
</testsuite> <!-- Surefire test -->
