<?xml version="1.0" encoding="UTF-8"?>
<testng-results ignored="0" total="1" passed="1" failed="0" skipped="0">
  <reporter-output>
  </reporter-output>
  <suite started-at="2026-04-14T15:33:33 WIB" name="Surefire suite" finished-at="2026-04-14T15:34:11 WIB" duration-ms="38059">
    <groups>
    </groups>
    <test started-at="2026-04-14T15:33:33 WIB" name="Surefire test" finished-at="2026-04-14T15:34:11 WIB" duration-ms="38059">
      <class name="com.openway.qa.TestAddToCart">
        <test-method signature="testAddToCart()[pri:0, instance:com.openway.qa.TestAddToCart@14d3bc22]" started-at="2026-04-14T15:33:33 WIB" name="testAddToCart" finished-at="2026-04-14T15:34:11 WIB" duration-ms="38025" status="PASS">
          <reporter-output>
          </reporter-output>
        </test-method> <!-- testAddToCart -->
      </class> <!-- com.openway.qa.TestAddToCart -->
    </test> <!-- Surefire test -->
  </suite> <!-- Surefire suite -->
</testng-results>
